<?xml version="1.0" encoding="UTF-8"?>
<!-- Generated by org.testng.reporters.JUnitReportReporter -->
<testsuite hostname="Sireena-PC" failures="0" tests="1" name="project5.mytest" time="0.036" errors="0" timestamp="2024-05-30T03:37:34 EET" skipped="0">
  <testcase classname="project5.mytest" name="myFirstTest" time="0.036"/>
  <system-out/>
</testsuite> <!-- project5.mytest -->
